<?xml version="1.0" encoding="utf-8"?><testsuites><testsuite name="pytest" errors="0" failures="0" skipped="0" tests="6" time="1.195" timestamp="2026-07-30T13:56:45.231590" hostname="s283w05"><testcase classname="tests.integration.test_db_connectivity" name="test_dwh_connection_ok" time="0.662" /><testcase classname="tests.integration.test_dwh_master_data" name="test_get_hierarchy_returns_dict_without_raising" time="0.060" /><testcase classname="tests.integration.test_dwh_master_data" name="test_get_forcam_uuid_maps_returns_tuple_of_dicts_without_raising" time="0.038" /><testcase classname="tests.integration.test_dwh_master_data" name="test_get_operating_state_codes_returns_dataframe_without_raising" time="0.023" /><testcase classname="tests.integration.test_dwh_master_data" name="test_get_wpl_info_returns_dataframe_without_raising" time="0.022" /><testcase classname="tests.integration.test_forcam_token" name="test_forcam_token_fetch_succeeds" time="0.062" /></testsuite></testsuites>