<?xml version="1.0" encoding="utf-8"?><testsuites><testsuite name="pytest" errors="0" failures="1" skipped="11" tests="40" time="1.828" timestamp="2026-07-30T13:56:38.760355" hostname="s283w05"><testcase classname="tests.unit.test_data_general" name="test_collect_data_general_raises_on_empty_reselect" time="0.011"><skipped type="pytest.xfail" message="Finding #8: leeres Reselect-Ergebnis -&gt; IndexError bei .iloc[0]" /></testcase><testcase classname="tests.unit.test_data_general" name="test_save_data_general_raises_on_nan_kpi_when_shopfloor_employees_available" time="0.003"><skipped type="pytest.xfail" message="Finding #13: int(nan) in save_data_general wird nicht abgefangen" /></testcase><testcase classname="tests.unit.test_data_general" name="test_safe_int_conversion_nan_returns_default" time="0.002" /><testcase classname="tests.unit.test_data_general" name="test_safe_int_conversion_valid_value" time="0.002" /><testcase classname="tests.unit.test_db_lookups" name="test_get_hierarchy_returns_empty_dict_on_db_error" time="0.107" /><testcase classname="tests.unit.test_db_lookups" name="test_get_forcam_uuid_maps_returns_empty_dicts_on_db_error" time="0.004" /><testcase classname="tests.unit.test_db_lookups" name="test_get_operating_state_codes_returns_empty_df_on_db_error" time="0.005" /><testcase classname="tests.unit.test_db_lookups" name="test_get_wpl_info_returns_empty_df_on_db_error" time="0.009" /><testcase classname="tests.unit.test_db_lookups" name="test_get_hierarchy_builds_correct_structure" time="0.010" /><testcase classname="tests.unit.test_db_lookups" name="test_get_forcam_uuid_maps_duplicate_uuid_silently_overwrites_reverse_mapping" time="0.006" /><testcase classname="tests.unit.test_disturbances_extraction" name="test_extract_disturbance_none_workplace_id_raises" time="0.002"><skipped type="pytest.xfail" message="Finding #5: workplaceId=None -&gt; AttributeError bei .split()" /></testcase><testcase classname="tests.unit.test_disturbances_extraction" name="test_extract_disturbance_none_start_ts_raises" time="0.003"><skipped type="pytest.xfail" message="Finding #5: startTs=None -&gt; TypeError bei strptime()" /></testcase><testcase classname="tests.unit.test_disturbances_extraction" name="test_extract_disturbance_wrong_date_format_raises" time="0.003"><skipped type="pytest.xfail" message="Finding #5: falsches Datumsformat -&gt; ValueError bei strptime()" /></testcase><testcase classname="tests.unit.test_disturbances_extraction" name="test_extract_disturbance_happy_path" time="0.003" /><testcase classname="tests.unit.test_disturbances_extraction" name="test_load_data_disturbance_swallows_extraction_errors_silently" time="0.007" /><testcase classname="tests.unit.test_email_report" name="test_smtp_failure_does_not_crash_and_shows_error" time="0.006" /><testcase classname="tests.unit.test_email_report" name="test_cc_addresses_outside_ifa_group_are_silently_dropped" time="0.005" /><testcase classname="tests.unit.test_engine_url_escaping" name="test_get_engine_escapes_special_characters_in_password" time="0.003" /><testcase classname="tests.unit.test_engine_url_escaping" name="test_get_auth_header_escapes_special_characters_in_client_secret" time="0.002" /><testcase classname="tests.unit.test_forcam_auth_and_url" name="test_get_auth_header_missing_access_token_raises" time="0.002"><skipped type="pytest.xfail" message="Finding #3: fehlender access_token im Token-Response wird nicht abgefangen" /></testcase><testcase classname="tests.unit.test_forcam_auth_and_url" name="test_get_auth_header_connection_error_propagates" time="0.002"><skipped type="pytest.xfail" message="Finding #3: Verbindungsfehler zum Forcam-Token-Endpoint wird nicht abgefangen" /></testcase><testcase classname="tests.unit.test_forcam_auth_and_url" name="test_build_workplace_url_empty_input_returns_empty_string" time="0.002" /><testcase classname="tests.unit.test_forcam_auth_and_url" name="test_build_workplace_url_skips_unmapped_workplace_silently" time="0.002" /><testcase classname="tests.unit.test_hierarchy_crash" name="test_empty_hierarchy_shows_warning_instead_of_crashing" time="0.025" /><testcase classname="tests.unit.test_hierarchy_crash" name="test_nonempty_hierarchy_still_renders_department_selectbox" time="0.016" /><testcase classname="tests.unit.test_meta_csv" name="test_collect_data_meta_information_missing_csv_raises" time="0.017"><skipped type="pytest.xfail" message="Finding #14: meta_data.csv fehlt -&gt; FileNotFoundError wird nicht abgefangen" /></testcase><testcase classname="tests.unit.test_meta_csv" name="test_latin1_encoding_mangles_polish_diacritics" time="0.021" /><testcase classname="tests.unit.test_progress_bar_truncation" name="test_progress_step_ratio_truncates_to_zero_for_large_totals" time="0.003" /><testcase classname="tests.unit.test_progress_bar_truncation" name="test_progress_step_ratio_is_nonzero_for_small_totals" time="0.003" /><testcase classname="tests.unit.test_quantities_extraction" name="test_extract_quantity_none_target_quantity_raises" time="0.003"><skipped type="pytest.xfail" message="Finding #4: targetQuantity=None -&gt; AttributeError bei .replace()" /></testcase><testcase classname="tests.unit.test_quantities_extraction" name="test_extract_quantity_unmapped_workplace_raises" time="0.003"><skipped type="pytest.xfail" message="Finding #4: unbekannter workplaceId (kein Forcam-UUID-Mapping) -&gt; KeyError" /></testcase><testcase classname="tests.unit.test_quantities_extraction" name="test_extract_quantity_happy_path" time="0.003" /><testcase classname="tests.unit.test_sap_quantity_dupe_row" name="test_insert_sap_quantity_silently_uses_first_matching_row" time="0.008" /><testcase classname="tests.unit.test_shift_window" name="test_get_shift_window_unknown_shift_id_raises" time="0.004"><skipped type="pytest.xfail" message="Finding #11: unbekannte shift_id wird nicht validiert, UnboundLocalError" /></testcase><testcase classname="tests.unit.test_shift_window" name="test_get_shift_window_no_dst_adjustment_on_transition_dates[transition_date0]" time="0.002" /><testcase classname="tests.unit.test_shift_window" name="test_get_shift_window_no_dst_adjustment_on_transition_dates[transition_date1]" time="0.002" /><testcase classname="tests.unit.test_shift_window" name="test_get_shift_window_late_shift_window" time="0.002" /><testcase classname="tests.unit.test_shift_window" name="test_get_shift_window_night_shift_spans_previous_day" time="0.002" /><testcase classname="tests.unit.test_sql_apostrophe_injection" name="test_get_hierarchy_builds_syntactically_broken_sql_with_apostrophe_in_plant_id" time="0.012" /><testcase classname="tests.unit.test_ui_apptest" name="test_changing_subline_without_reload_leaves_loaded_selection_stale" time="0.026"><failure message="ValueError: 'en' is not in list">monkeypatch = &lt;_pytest.monkeypatch.MonkeyPatch object at 0x000001A0D17C0E20&gt;

    def test_changing_subline_without_reload_leaves_loaded_selection_stale(monkeypatch):
        _wire_up_mocks(monkeypatch)
    
        at = AppTest.from_file("main_v3_1.py")
        at.run()
        assert not at.exception
    
        # Sprach-Selectbox nutzt format_func (Anzeige "English"/"Polski" != interner Wert "en"/"pl").
        # AppTest muss dieses Widget einmal explizit "anfassen", sonst bricht die interne
        # Index-Aufloesung bei jedem weiteren .run() mit ValueError ab (Streamlit-Testframework-
        # Eigenheit, kein App-Bug).
        at.selectbox[0].select("English").run()
    
        # Widget-Reihenfolge in ui.py: language, shift, department, line, subline
        subline_selectbox_index = 4
&gt;       at.selectbox[subline_selectbox_index].select("SubA - Sub A").run()

tests\unit\test_ui_apptest.py:47: 
_ _ _ _ _ _ _ _ _ _ _ _ _ _ _ _ _ _ _ _ _ _ _ _ _ _ _ _ _ _ _ _ _ _ _ _ _ _ _ _
.venv_dev\lib\site-packages\streamlit\testing\v1\element_tree.py:152: in run
    return self.root.run(timeout=timeout)
.venv_dev\lib\site-packages\streamlit\testing\v1\element_tree.py:1827: in run
    widget_states = self.get_widget_states()
.venv_dev\lib\site-packages\streamlit\testing\v1\element_tree.py:1810: in get_widget_states
    w = get_widget_state(node)
.venv_dev\lib\site-packages\streamlit\testing\v1\element_tree.py:1753: in get_widget_state
    return node._widget_state
.venv_dev\lib\site-packages\streamlit\testing\v1\element_tree.py:972: in _widget_state
    if self.index is not None:
_ _ _ _ _ _ _ _ _ _ _ _ _ _ _ _ _ _ _ _ _ _ _ _ _ _ _ _ _ _ _ _ _ _ _ _ _ _ _ _

self = Selectbox(_value=InitialValue(), label='Language / Język', options=['English', 'Polski'])

    @property
    def index(self) -&gt; int | None:
        """The index of the current selection. (int)"""
        if self.value is None:
            return None
    
        if len(self.options) == 0:
            return 0
&gt;       return self.options.index(str(self.value))
E       ValueError: 'en' is not in list

.venv_dev\lib\site-packages\streamlit\testing\v1\element_tree.py:932: ValueError</failure></testcase></testsuite></testsuites>